<?xml version="1.0" encoding="UTF-8" standalone="no"?>
<testsuite errors="0" failures="1" name="io.cucumber.core.plugin.JUnitFormatter" skipped="0" tests="3" time="195.554">
    <testcase classname="TestPage" name="Login_Process" time="17.24">
        <system-out>
            <![CDATA[Given user is on homePage...................................................passed
Then user verifies that home page is visible successfully...................passed
When user close advertisement alert.........................................passed
Given user click on login button............................................passed
And user enters "email".....................................................passed
And user enters "password"..................................................passed
When user click on submit button............................................passed
Then user verifies that on the sign in page is visible successfully.........passed
]]>
        </system-out>
    </testcase>
    <testcase classname="TestPage" name="Get_the_list" time="171.625">
        <system-out>
            <![CDATA[Given user is on homePage...................................................passed
Then user verifies that home page is visible successfully...................passed
When user close advertisement alert.........................................passed
And user get list of all boutique name in a list............................passed
And report duration when scrolled through the images........................passed
]]>
        </system-out>
    </testcase>
    <testcase classname="TestPage" name="Failed_login" time="6.43">
        <failure message="" type="java.lang.AssertionError">
            <![CDATA[Given user is on homePage...................................................passed
Then user verifies that home page is visible successfully...................passed
When user close advertisement alert.........................................passed
Given user click on login button............................................passed
And user enters "email".....................................................passed
And user enters "password"..................................................passed
When user click on submit button............................................passed
And test case fails.........................................................failed

StackTrace:
java.lang.AssertionError
	at org.junit.Assert.fail(Assert.java:87)
	at org.junit.Assert.assertTrue(Assert.java:42)
	at org.junit.Assert.assertTrue(Assert.java:53)
	at stepdefinitions.UIStepDefinitions.testCaseFails(UIStepDefinitions.java:163)
	at âœ½.test case fails(file:///C:/Users/HP/IdeaProjects/trendyol_case/./src/test/resources/features/firstfeaturefile.feature:24)
]]>
        </failure>
    </testcase>
</testsuite>
