2023-01-08 15:56:57 ERROR runtime:60 - Error executing FreeMarker template
FreeMarker template error:
Template inclusion failed (for parameter value "partials/exceptıon.ftl"):
Template not found for name "spark/partials/exceptıon.ftl".
The name was interpreted by this TemplateLoader: ClassTemplateLoader(resourceLoaderClass=com.aventstack.extentreports.ExtentReports, basePackagePath="templates/" /* relatively to resourceLoaderClass pkg */).
----
FTL stack trace ("~" means nesting-related):
	- Failed at: #include "partials/${view.toString()}...  [in template "spark/spark.spa.ftl" at line 27, column 36]

----
Java stack trace (for programmers):
----
freemarker.core._MiscTemplateException: [... Exception message was already printed; see it above ...]
	at freemarker.core.Include.accept(Include.java:164)
	at freemarker.core.Environment.visit(Environment.java:370)
	at freemarker.core.IteratorBlock$IterationContext.executedNestedContentForCollOrSeqListing(IteratorBlock.java:321)
	at freemarker.core.IteratorBlock$IterationContext.executeNestedContent(IteratorBlock.java:271)
	at freemarker.core.IteratorBlock$IterationContext.accept(IteratorBlock.java:244)
	at freemarker.core.Environment.visitIteratorBlock(Environment.java:644)
	at freemarker.core.IteratorBlock.acceptWithResult(IteratorBlock.java:108)
	at freemarker.core.IteratorBlock.accept(IteratorBlock.java:94)
	at freemarker.core.Environment.visit(Environment.java:334)
	at freemarker.core.Environment.visit(Environment.java:340)
	at freemarker.core.Environment.process(Environment.java:313)
	at freemarker.template.Template.process(Template.java:383)
	at com.aventstack.extentreports.templating.FreemarkerTemplate.processTemplate(FreemarkerTemplate.java:52)
	at com.aventstack.extentreports.templating.FreemarkerTemplate.getSource(FreemarkerTemplate.java:39)
	at com.aventstack.extentreports.templating.FreemarkerTemplate.writeTemplate(FreemarkerTemplate.java:45)
	at com.aventstack.extentreports.reporter.AbstractFileReporter.processTemplate(AbstractFileReporter.java:74)
	at com.aventstack.extentreports.reporter.ExtentSparkReporter.flush(ExtentSparkReporter.java:149)
	at com.aventstack.extentreports.reporter.ExtentSparkReporter.access$100(ExtentSparkReporter.java:27)
	at com.aventstack.extentreports.reporter.ExtentSparkReporter$1.onNext(ExtentSparkReporter.java:121)
	at com.aventstack.extentreports.reporter.ExtentSparkReporter$1.onNext(ExtentSparkReporter.java:113)
	at io.reactivex.rxjava3.subjects.PublishSubject$PublishDisposable.onNext(PublishSubject.java:310)
	at io.reactivex.rxjava3.subjects.PublishSubject.onNext(PublishSubject.java:226)
	at com.aventstack.extentreports.ReactiveSubject.onFlush(ReactiveSubject.java:83)
	at com.aventstack.extentreports.AbstractProcessor.onFlush(AbstractProcessor.java:85)
	at com.aventstack.extentreports.ExtentReports.flush(ExtentReports.java:279)
	at com.aventstack.extentreports.cucumber.adapter.ExtentCucumberAdapter.finishReport(ExtentCucumberAdapter.java:300)
	at com.aventstack.extentreports.cucumber.adapter.ExtentCucumberAdapter.access$600(ExtentCucumberAdapter.java:62)
	at com.aventstack.extentreports.cucumber.adapter.ExtentCucumberAdapter$8.receive(ExtentCucumberAdapter.java:136)
	at com.aventstack.extentreports.cucumber.adapter.ExtentCucumberAdapter$8.receive(ExtentCucumberAdapter.java:133)
	at io.cucumber.core.eventbus.AbstractEventPublisher.send(AbstractEventPublisher.java:51)
	at io.cucumber.core.eventbus.AbstractEventBus.send(AbstractEventBus.java:12)
	at io.cucumber.core.runtime.SynchronizedEventBus.send(SynchronizedEventBus.java:47)
	at io.cucumber.core.runtime.CucumberExecutionContext.emitTestRunFinished(CucumberExecutionContext.java:111)
	at io.cucumber.core.runtime.CucumberExecutionContext.finishTestRun(CucumberExecutionContext.java:98)
	at io.cucumber.junit.Cucumber$FinishTestRun.evaluate(Cucumber.java:250)
	at org.junit.runners.ParentRunner.run(ParentRunner.java:413)
	at org.junit.runners.Suite.runChild(Suite.java:128)
	at org.junit.runners.Suite.runChild(Suite.java:27)
	at org.junit.runners.ParentRunner$4.run(ParentRunner.java:331)
	at org.apache.maven.surefire.junitcore.pc.Scheduler$1.run(Scheduler.java:405)
	at java.base/java.util.concurrent.Executors$RunnableAdapter.call(Executors.java:515)
	at java.base/java.util.concurrent.FutureTask.run(FutureTask.java:264)
	at java.base/java.util.concurrent.ThreadPoolExecutor.runWorker(ThreadPoolExecutor.java:1128)
	at java.base/java.util.concurrent.ThreadPoolExecutor$Worker.run(ThreadPoolExecutor.java:628)
	at java.base/java.lang.Thread.run(Thread.java:834)
Caused by: freemarker.template.TemplateNotFoundException: Template not found for name "spark/partials/exceptıon.ftl".
The name was interpreted by this TemplateLoader: ClassTemplateLoader(resourceLoaderClass=com.aventstack.extentreports.ExtentReports, basePackagePath="templates/" /* relatively to resourceLoaderClass pkg */).
	at freemarker.template.Configuration.getTemplate(Configuration.java:2869)
	at freemarker.core.Environment.getTemplateForInclusion(Environment.java:2883)
	at freemarker.core.Include.accept(Include.java:162)
	... 44 more
2023-01-08 15:57:31 ERROR runtime:60 - Error executing FreeMarker template
FreeMarker template error:
Template inclusion failed (for parameter value "partials/exceptıon.ftl"):
Template not found for name "spark/partials/exceptıon.ftl".
The name was interpreted by this TemplateLoader: ClassTemplateLoader(resourceLoaderClass=com.aventstack.extentreports.ExtentReports, basePackagePath="templates/" /* relatively to resourceLoaderClass pkg */).
----
FTL stack trace ("~" means nesting-related):
	- Failed at: #include "partials/${view.toString()}...  [in template "spark/spark.spa.ftl" at line 27, column 36]

----
Java stack trace (for programmers):
----
freemarker.core._MiscTemplateException: [... Exception message was already printed; see it above ...]
	at freemarker.core.Include.accept(Include.java:164)
	at freemarker.core.Environment.visit(Environment.java:370)
	at freemarker.core.IteratorBlock$IterationContext.executedNestedContentForCollOrSeqListing(IteratorBlock.java:321)
	at freemarker.core.IteratorBlock$IterationContext.executeNestedContent(IteratorBlock.java:271)
	at freemarker.core.IteratorBlock$IterationContext.accept(IteratorBlock.java:244)
	at freemarker.core.Environment.visitIteratorBlock(Environment.java:644)
	at freemarker.core.IteratorBlock.acceptWithResult(IteratorBlock.java:108)
	at freemarker.core.IteratorBlock.accept(IteratorBlock.java:94)
	at freemarker.core.Environment.visit(Environment.java:334)
	at freemarker.core.Environment.visit(Environment.java:340)
	at freemarker.core.Environment.process(Environment.java:313)
	at freemarker.template.Template.process(Template.java:383)
	at com.aventstack.extentreports.templating.FreemarkerTemplate.processTemplate(FreemarkerTemplate.java:52)
	at com.aventstack.extentreports.templating.FreemarkerTemplate.getSource(FreemarkerTemplate.java:39)
	at com.aventstack.extentreports.templating.FreemarkerTemplate.writeTemplate(FreemarkerTemplate.java:45)
	at com.aventstack.extentreports.reporter.AbstractFileReporter.processTemplate(AbstractFileReporter.java:74)
	at com.aventstack.extentreports.reporter.ExtentSparkReporter.flush(ExtentSparkReporter.java:149)
	at com.aventstack.extentreports.reporter.ExtentSparkReporter.access$100(ExtentSparkReporter.java:27)
	at com.aventstack.extentreports.reporter.ExtentSparkReporter$1.onNext(ExtentSparkReporter.java:121)
	at com.aventstack.extentreports.reporter.ExtentSparkReporter$1.onNext(ExtentSparkReporter.java:113)
	at io.reactivex.rxjava3.subjects.PublishSubject$PublishDisposable.onNext(PublishSubject.java:310)
	at io.reactivex.rxjava3.subjects.PublishSubject.onNext(PublishSubject.java:226)
	at com.aventstack.extentreports.ReactiveSubject.onFlush(ReactiveSubject.java:83)
	at com.aventstack.extentreports.AbstractProcessor.onFlush(AbstractProcessor.java:85)
	at com.aventstack.extentreports.ExtentReports.flush(ExtentReports.java:279)
	at com.aventstack.extentreports.cucumber.adapter.ExtentCucumberAdapter.finishReport(ExtentCucumberAdapter.java:300)
	at com.aventstack.extentreports.cucumber.adapter.ExtentCucumberAdapter.access$600(ExtentCucumberAdapter.java:62)
	at com.aventstack.extentreports.cucumber.adapter.ExtentCucumberAdapter$8.receive(ExtentCucumberAdapter.java:136)
	at com.aventstack.extentreports.cucumber.adapter.ExtentCucumberAdapter$8.receive(ExtentCucumberAdapter.java:133)
	at io.cucumber.core.eventbus.AbstractEventPublisher.send(AbstractEventPublisher.java:51)
	at io.cucumber.core.eventbus.AbstractEventBus.send(AbstractEventBus.java:12)
	at io.cucumber.core.runtime.SynchronizedEventBus.send(SynchronizedEventBus.java:47)
	at io.cucumber.core.runtime.CucumberExecutionContext.emitTestRunFinished(CucumberExecutionContext.java:111)
	at io.cucumber.core.runtime.CucumberExecutionContext.finishTestRun(CucumberExecutionContext.java:98)
	at io.cucumber.junit.Cucumber$FinishTestRun.evaluate(Cucumber.java:250)
	at org.junit.runners.ParentRunner$3.evaluate(ParentRunner.java:306)
	at org.junit.runners.ParentRunner.run(ParentRunner.java:413)
	at org.junit.runners.Suite.runChild(Suite.java:128)
	at org.junit.runners.Suite.runChild(Suite.java:27)
	at org.junit.runners.ParentRunner$4.run(ParentRunner.java:331)
	at org.apache.maven.surefire.junitcore.pc.Scheduler$1.run(Scheduler.java:405)
	at java.base/java.util.concurrent.Executors$RunnableAdapter.call(Executors.java:515)
	at java.base/java.util.concurrent.FutureTask.run(FutureTask.java:264)
	at java.base/java.util.concurrent.ThreadPoolExecutor.runWorker(ThreadPoolExecutor.java:1128)
	at java.base/java.util.concurrent.ThreadPoolExecutor$Worker.run(ThreadPoolExecutor.java:628)
	at java.base/java.lang.Thread.run(Thread.java:834)
Caused by: freemarker.template.TemplateNotFoundException: Template not found for name "spark/partials/exceptıon.ftl".
The name was interpreted by this TemplateLoader: ClassTemplateLoader(resourceLoaderClass=com.aventstack.extentreports.ExtentReports, basePackagePath="templates/" /* relatively to resourceLoaderClass pkg */).
	at freemarker.template.Configuration.getTemplate(Configuration.java:2869)
	at freemarker.core.Environment.getTemplateForInclusion(Environment.java:2883)
	at freemarker.core.Include.accept(Include.java:162)
	... 45 more
2023-01-08 15:58:08 ERROR runtime:60 - Error executing FreeMarker template
FreeMarker template error:
Template inclusion failed (for parameter value "partials/exceptıon.ftl"):
Template not found for name "spark/partials/exceptıon.ftl".
The name was interpreted by this TemplateLoader: ClassTemplateLoader(resourceLoaderClass=com.aventstack.extentreports.ExtentReports, basePackagePath="templates/" /* relatively to resourceLoaderClass pkg */).
----
FTL stack trace ("~" means nesting-related):
	- Failed at: #include "partials/${view.toString()}...  [in template "spark/spark.spa.ftl" at line 27, column 36]

----
Java stack trace (for programmers):
----
freemarker.core._MiscTemplateException: [... Exception message was already printed; see it above ...]
	at freemarker.core.Include.accept(Include.java:164)
	at freemarker.core.Environment.visit(Environment.java:370)
	at freemarker.core.IteratorBlock$IterationContext.executedNestedContentForCollOrSeqListing(IteratorBlock.java:321)
	at freemarker.core.IteratorBlock$IterationContext.executeNestedContent(IteratorBlock.java:271)
	at freemarker.core.IteratorBlock$IterationContext.accept(IteratorBlock.java:244)
	at freemarker.core.Environment.visitIteratorBlock(Environment.java:644)
	at freemarker.core.IteratorBlock.acceptWithResult(IteratorBlock.java:108)
	at freemarker.core.IteratorBlock.accept(IteratorBlock.java:94)
	at freemarker.core.Environment.visit(Environment.java:334)
	at freemarker.core.Environment.visit(Environment.java:340)
	at freemarker.core.Environment.process(Environment.java:313)
	at freemarker.template.Template.process(Template.java:383)
	at com.aventstack.extentreports.templating.FreemarkerTemplate.processTemplate(FreemarkerTemplate.java:52)
	at com.aventstack.extentreports.templating.FreemarkerTemplate.getSource(FreemarkerTemplate.java:39)
	at com.aventstack.extentreports.templating.FreemarkerTemplate.writeTemplate(FreemarkerTemplate.java:45)
	at com.aventstack.extentreports.reporter.AbstractFileReporter.processTemplate(AbstractFileReporter.java:74)
	at com.aventstack.extentreports.reporter.ExtentSparkReporter.flush(ExtentSparkReporter.java:149)
	at com.aventstack.extentreports.reporter.ExtentSparkReporter.access$100(ExtentSparkReporter.java:27)
	at com.aventstack.extentreports.reporter.ExtentSparkReporter$1.onNext(ExtentSparkReporter.java:121)
	at com.aventstack.extentreports.reporter.ExtentSparkReporter$1.onNext(ExtentSparkReporter.java:113)
	at io.reactivex.rxjava3.subjects.PublishSubject$PublishDisposable.onNext(PublishSubject.java:310)
	at io.reactivex.rxjava3.subjects.PublishSubject.onNext(PublishSubject.java:226)
	at com.aventstack.extentreports.ReactiveSubject.onFlush(ReactiveSubject.java:83)
	at com.aventstack.extentreports.AbstractProcessor.onFlush(AbstractProcessor.java:85)
	at com.aventstack.extentreports.ExtentReports.flush(ExtentReports.java:279)
	at com.aventstack.extentreports.cucumber.adapter.ExtentCucumberAdapter.finishReport(ExtentCucumberAdapter.java:300)
	at com.aventstack.extentreports.cucumber.adapter.ExtentCucumberAdapter.access$600(ExtentCucumberAdapter.java:62)
	at com.aventstack.extentreports.cucumber.adapter.ExtentCucumberAdapter$8.receive(ExtentCucumberAdapter.java:136)
	at com.aventstack.extentreports.cucumber.adapter.ExtentCucumberAdapter$8.receive(ExtentCucumberAdapter.java:133)
	at io.cucumber.core.eventbus.AbstractEventPublisher.send(AbstractEventPublisher.java:51)
	at io.cucumber.core.eventbus.AbstractEventBus.send(AbstractEventBus.java:12)
	at io.cucumber.core.runtime.SynchronizedEventBus.send(SynchronizedEventBus.java:47)
	at io.cucumber.core.runtime.CucumberExecutionContext.emitTestRunFinished(CucumberExecutionContext.java:111)
	at io.cucumber.core.runtime.CucumberExecutionContext.finishTestRun(CucumberExecutionContext.java:98)
	at io.cucumber.junit.Cucumber$FinishTestRun.evaluate(Cucumber.java:250)
	at org.junit.runners.ParentRunner$3.evaluate(ParentRunner.java:306)
	at org.junit.runners.ParentRunner.run(ParentRunner.java:413)
	at org.junit.runners.Suite.runChild(Suite.java:128)
	at org.junit.runners.Suite.runChild(Suite.java:27)
	at org.junit.runners.ParentRunner$4.run(ParentRunner.java:331)
	at org.apache.maven.surefire.junitcore.pc.Scheduler$1.run(Scheduler.java:405)
	at java.base/java.util.concurrent.Executors$RunnableAdapter.call(Executors.java:515)
	at java.base/java.util.concurrent.FutureTask.run(FutureTask.java:264)
	at java.base/java.util.concurrent.ThreadPoolExecutor.runWorker(ThreadPoolExecutor.java:1128)
	at java.base/java.util.concurrent.ThreadPoolExecutor$Worker.run(ThreadPoolExecutor.java:628)
	at java.base/java.lang.Thread.run(Thread.java:834)
Caused by: freemarker.template.TemplateNotFoundException: Template not found for name "spark/partials/exceptıon.ftl".
The name was interpreted by this TemplateLoader: ClassTemplateLoader(resourceLoaderClass=com.aventstack.extentreports.ExtentReports, basePackagePath="templates/" /* relatively to resourceLoaderClass pkg */).
	at freemarker.template.Configuration.getTemplate(Configuration.java:2869)
	at freemarker.core.Environment.getTemplateForInclusion(Environment.java:2883)
	at freemarker.core.Include.accept(Include.java:162)
	... 45 more
2023-01-08 16:00:24 ERROR runtime:60 - Error executing FreeMarker template
FreeMarker template error:
Template inclusion failed (for parameter value "partials/exceptıon.ftl"):
Template not found for name "spark/partials/exceptıon.ftl".
The name was interpreted by this TemplateLoader: ClassTemplateLoader(resourceLoaderClass=com.aventstack.extentreports.ExtentReports, basePackagePath="templates/" /* relatively to resourceLoaderClass pkg */).
----
FTL stack trace ("~" means nesting-related):
	- Failed at: #include "partials/${view.toString()}...  [in template "spark/spark.spa.ftl" at line 27, column 36]

----
Java stack trace (for programmers):
----
freemarker.core._MiscTemplateException: [... Exception message was already printed; see it above ...]
	at freemarker.core.Include.accept(Include.java:164)
	at freemarker.core.Environment.visit(Environment.java:370)
	at freemarker.core.IteratorBlock$IterationContext.executedNestedContentForCollOrSeqListing(IteratorBlock.java:321)
	at freemarker.core.IteratorBlock$IterationContext.executeNestedContent(IteratorBlock.java:271)
	at freemarker.core.IteratorBlock$IterationContext.accept(IteratorBlock.java:244)
	at freemarker.core.Environment.visitIteratorBlock(Environment.java:644)
	at freemarker.core.IteratorBlock.acceptWithResult(IteratorBlock.java:108)
	at freemarker.core.IteratorBlock.accept(IteratorBlock.java:94)
	at freemarker.core.Environment.visit(Environment.java:334)
	at freemarker.core.Environment.visit(Environment.java:340)
	at freemarker.core.Environment.process(Environment.java:313)
	at freemarker.template.Template.process(Template.java:383)
	at com.aventstack.extentreports.templating.FreemarkerTemplate.processTemplate(FreemarkerTemplate.java:52)
	at com.aventstack.extentreports.templating.FreemarkerTemplate.getSource(FreemarkerTemplate.java:39)
	at com.aventstack.extentreports.templating.FreemarkerTemplate.writeTemplate(FreemarkerTemplate.java:45)
	at com.aventstack.extentreports.reporter.AbstractFileReporter.processTemplate(AbstractFileReporter.java:74)
	at com.aventstack.extentreports.reporter.ExtentSparkReporter.flush(ExtentSparkReporter.java:149)
	at com.aventstack.extentreports.reporter.ExtentSparkReporter.access$100(ExtentSparkReporter.java:27)
	at com.aventstack.extentreports.reporter.ExtentSparkReporter$1.onNext(ExtentSparkReporter.java:121)
	at com.aventstack.extentreports.reporter.ExtentSparkReporter$1.onNext(ExtentSparkReporter.java:113)
	at io.reactivex.rxjava3.subjects.PublishSubject$PublishDisposable.onNext(PublishSubject.java:310)
	at io.reactivex.rxjava3.subjects.PublishSubject.onNext(PublishSubject.java:226)
	at com.aventstack.extentreports.ReactiveSubject.onFlush(ReactiveSubject.java:83)
	at com.aventstack.extentreports.AbstractProcessor.onFlush(AbstractProcessor.java:85)
	at com.aventstack.extentreports.ExtentReports.flush(ExtentReports.java:279)
	at com.aventstack.extentreports.cucumber.adapter.ExtentCucumberAdapter.finishReport(ExtentCucumberAdapter.java:300)
	at com.aventstack.extentreports.cucumber.adapter.ExtentCucumberAdapter.access$600(ExtentCucumberAdapter.java:62)
	at com.aventstack.extentreports.cucumber.adapter.ExtentCucumberAdapter$8.receive(ExtentCucumberAdapter.java:136)
	at com.aventstack.extentreports.cucumber.adapter.ExtentCucumberAdapter$8.receive(ExtentCucumberAdapter.java:133)
	at io.cucumber.core.eventbus.AbstractEventPublisher.send(AbstractEventPublisher.java:51)
	at io.cucumber.core.eventbus.AbstractEventBus.send(AbstractEventBus.java:12)
	at io.cucumber.core.runtime.SynchronizedEventBus.send(SynchronizedEventBus.java:47)
	at io.cucumber.core.runtime.CucumberExecutionContext.emitTestRunFinished(CucumberExecutionContext.java:111)
	at io.cucumber.core.runtime.CucumberExecutionContext.finishTestRun(CucumberExecutionContext.java:98)
	at io.cucumber.junit.Cucumber$FinishTestRun.evaluate(Cucumber.java:250)
	at org.junit.runners.ParentRunner$3.evaluate(ParentRunner.java:306)
	at org.junit.runners.ParentRunner.run(ParentRunner.java:413)
	at org.junit.runners.Suite.runChild(Suite.java:128)
	at org.junit.runners.Suite.runChild(Suite.java:27)
	at org.junit.runners.ParentRunner$4.run(ParentRunner.java:331)
	at org.apache.maven.surefire.junitcore.pc.Scheduler$1.run(Scheduler.java:405)
	at java.base/java.util.concurrent.Executors$RunnableAdapter.call(Executors.java:515)
	at java.base/java.util.concurrent.FutureTask.run(FutureTask.java:264)
	at java.base/java.util.concurrent.ThreadPoolExecutor.runWorker(ThreadPoolExecutor.java:1128)
	at java.base/java.util.concurrent.ThreadPoolExecutor$Worker.run(ThreadPoolExecutor.java:628)
	at java.base/java.lang.Thread.run(Thread.java:834)
Caused by: freemarker.template.TemplateNotFoundException: Template not found for name "spark/partials/exceptıon.ftl".
The name was interpreted by this TemplateLoader: ClassTemplateLoader(resourceLoaderClass=com.aventstack.extentreports.ExtentReports, basePackagePath="templates/" /* relatively to resourceLoaderClass pkg */).
	at freemarker.template.Configuration.getTemplate(Configuration.java:2869)
	at freemarker.core.Environment.getTemplateForInclusion(Environment.java:2883)
	at freemarker.core.Include.accept(Include.java:162)
	... 45 more
